<?xml version="1.0" encoding="UTF-8"?>
<!-- Generated by org.testng.reporters.JUnitXMLReporter -->
<testsuite ignored="0" hostname="LAPTOP-VEBSTKCP" failures="0" tests="3" name="Test" time="3.373" errors="0" timestamp="2023-06-27T18:39:54 IST">
  <testcase classname="com.TestLayer.LoginPageTest" name="@BeforeTest setup" time="2.776">
    <failure type="org.openqa.selenium.remote.http.ConnectionFailedException" message="Unable to establish websocket connection to http://localhost:50413/devtools/browser/c8eddf56-28b4-41c3-b73a-c3cfca76a26e
Build info: version: &amp;apos;4.1.2&amp;apos;, revision: &amp;apos;9a5a329c5a&amp;apos;
System info: host: &amp;apos;LAPTOP-VEBSTKCP&amp;apos;, ip: &amp;apos;192.168.56.1&amp;apos;, os.name: &amp;apos;Windows 10&amp;apos;, os.arch: &amp;apos;amd64&amp;apos;, os.version: &amp;apos;10.0&amp;apos;, java.version: &amp;apos;17.0.3&amp;apos;
Driver info: driver.version: ChromeDriver">
      <![CDATA[org.openqa.selenium.remote.http.ConnectionFailedException: Unable to establish websocket connection to http://localhost:50413/devtools/browser/c8eddf56-28b4-41c3-b73a-c3cfca76a26e
Build info: version: '4.1.2', revision: '9a5a329c5a'
System info: host: 'LAPTOP-VEBSTKCP', ip: '192.168.56.1', os.name: 'Windows 10', os.arch: 'amd64', os.version: '10.0', java.version: '17.0.3'
Driver info: driver.version: ChromeDriver
at org.openqa.selenium.remote.http.netty.NettyWebSocket.<init>(NettyWebSocket.java:104)
at org.openqa.selenium.remote.http.netty.NettyWebSocket.lambda$create$3(NettyWebSocket.java:137)
at org.openqa.selenium.remote.http.netty.NettyClient.openSocket(NettyClient.java:118)
at org.openqa.selenium.devtools.Connection.<init>(Connection.java:77)
at org.openqa.selenium.chromium.ChromiumDriver.lambda$new$2(ChromiumDriver.java:124)
at java.base/java.util.Optional.map(Optional.java:260)
at org.openqa.selenium.chromium.ChromiumDriver.<init>(ChromiumDriver.java:122)
at org.openqa.selenium.chrome.ChromeDriver.<init>(ChromeDriver.java:106)
at org.openqa.selenium.chrome.ChromeDriver.<init>(ChromeDriver.java:93)
at org.openqa.selenium.chrome.ChromeDriver.<init>(ChromeDriver.java:48)
at com.BaseLayer.BaseClass.initialization(BaseClass.java:33)
at com.TestLayer.LoginPageTest.setup(LoginPageTest.java:16)
... Removed 24 stack frames]]>
    </failure>
  </testcase> <!-- @BeforeTest setup -->
  <testcase classname="com.TestLayer.LoginPageTest" name="@AfterTest teardown" time="-1.68787139479E9">
    <skipped/>
  </testcase> <!-- @AfterTest teardown -->
  <testcase classname="com.TestLayer.LoginPageTest" name="validateLoginFunctionality" time="0.0">
    <skipped/>
  </testcase> <!-- validateLoginFunctionality -->
  <testcase classname="com.TestLayer.LoginPageTest" name="validateTitle" time="0.0">
    <skipped/>
  </testcase> <!-- validateTitle -->
  <testcase classname="com.TestLayer.LoginPageTest" name="validateUrl" time="0.0">
    <skipped/>
  </testcase> <!-- validateUrl -->
</testsuite> <!-- Test -->
